{
  "stats": {
    "suites": 1,
    "tests": 1,
    "passes": 0,
    "pending": 0,
    "failures": 1,
    "start": "2021-01-19T07:13:13.462Z",
    "end": "2021-01-19T07:14:52.457Z",
    "duration": 98995,
    "testsRegistered": 1,
    "passPercent": 0,
    "pendingPercent": 0,
    "other": 1,
    "hasOther": true,
    "skipped": 0,
    "hasSkipped": false
  },
  "results": [
    {
      "uuid": "8dfe761e-b83a-4a55-be79-afc250670029",
      "title": "",
      "fullFile": "cypress\\integration\\examples\\BDD\\sales.feature",
      "file": "cypress\\integration\\examples\\BDD\\sales.feature",
      "beforeHooks": [],
      "afterHooks": [],
      "tests": [],
      "suites": [
        {
          "uuid": "99e45033-2cdd-405f-85dd-fe8d56add595",
          "title": "Query for a tracking number in shipments and verify a single succesful result",
          "fullFile": "",
          "file": "",
          "beforeHooks": [],
          "afterHooks": [],
          "tests": [
            {
              "title": "Tracking Number results",
              "fullTitle": "Query for a tracking number in shipments and verify a single succesful result Tracking Number results",
              "timedOut": null,
              "duration": 8608,
              "state": "failed",
              "speed": null,
              "pass": false,
              "fail": true,
              "pending": false,
              "context": null,
              "code": "const state = window.testState;\nreturn cy\n  .then(() => state.onStartScenario(scenario, indexedSteps))\n  .then(() =>\n    resolveAndRunBeforeHooks.call(this, scenario.tags, state.feature.name)\n  )\n  .then(() =>\n    indexedSteps.forEach(step =>\n      stepTest.call(this, state, step, rowData)\n    )\n  )\n  .then(() =>\n    resolveAndRunAfterHooks.call(this, scenario.tags, state.feature.name)\n  )\n  .then(() => state.onFinishScenario(scenario));",
              "err": {
                "message": "CypressError: Cypress command timeout of `8000ms` exceeded.\n\nBecause this error occurred during a `after all` hook we are skipping the remaining tests in the current suite: `Query for a tracking number...`\n\nAlthough you have test retries enabled, we do not retry tests when `before all` or `after all` hooks fail",
                "estack": "CypressError: Cypress command timeout of `8000ms` exceeded.\n\nBecause this error occurred during a `after all` hook we are skipping the remaining tests in the current suite: `Query for a tracking number...`\n\nAlthough you have test retries enabled, we do not retry tests when `before all` or `after all` hooks fail\n    at cypressErr (https://admin-demo.nopcommerce.com/__cypress/runner/cypress_runner.js:172713:18)\n    at Object.errByPath (https://admin-demo.nopcommerce.com/__cypress/runner/cypress_runner.js:172764:10)\n    at https://admin-demo.nopcommerce.com/__cypress/runner/cypress_runner.js:174378:29",
                "diff": null
              },
              "uuid": "4d804564-2d04-4f1f-a58a-aef75b5e8993",
              "parentUUID": "99e45033-2cdd-405f-85dd-fe8d56add595",
              "isHook": false,
              "skipped": false
            }
          ],
          "suites": [],
          "passes": [],
          "failures": [
            "4d804564-2d04-4f1f-a58a-aef75b5e8993"
          ],
          "pending": [],
          "skipped": [],
          "duration": 8608,
          "root": false,
          "rootEmpty": false,
          "_timeout": 2000
        }
      ],
      "passes": [],
      "failures": [],
      "pending": [],
      "skipped": [],
      "duration": 0,
      "root": true,
      "rootEmpty": true,
      "_timeout": 2000
    }
  ],
  "meta": {
    "mocha": {
      "version": "7.0.1"
    },
    "mochawesome": {
      "options": {
        "quiet": false,
        "reportFilename": "mochawesome",
        "saveHtml": true,
        "saveJson": true,
        "useInlineDiffs": false
      },
      "version": "4.0.1"
    },
    "marge": {
      "options": null,
      "version": "4.0.1"
    }
  }
}